==12163== Memcheck, a memory error detector
==12163== Copyright (C) 2002-2017, and GNU GPL'd, by Julian Seward et al.
==12163== Using Valgrind-3.18.1-42b08ed5bd-20211015 and LibVEX; rerun with -h for copyright info
==12163== Command: ./so_long map/map2.ber
==12163== Parent PID: 1294
==12163== 
--12163-- 
--12163-- Valgrind options:
--12163--    --leak-check=full
--12163--    --show-leak-kinds=all
--12163--    --track-origins=yes
--12163--    --verbose
--12163--    --log-file=valgrind.log
--12163--    --suppressions=minilibx.supp
--12163-- Contents of /proc/version:
--12163--   Linux version 5.15.167.4-microsoft-standard-WSL2 (root@f9c826d3017f) (gcc (GCC) 11.2.0, GNU ld (GNU Binutils) 2.37) #1 SMP Tue Nov 5 00:21:55 UTC 2024
--12163-- 
--12163-- Arch and hwcaps: AMD64, LittleEndian, amd64-cx16-lzcnt-rdtscp-sse3-ssse3-avx-avx2-bmi-f16c-rdrand-rdseed
--12163-- Page sizes: currently 4096, max supported 4096
--12163-- Valgrind library directory: /usr/libexec/valgrind
--12163-- Reading syms from /home/biniesta/42madrid/so_long/so_long
--12163-- Reading syms from /usr/lib/x86_64-linux-gnu/ld-linux-x86-64.so.2
--12163--   Considering /usr/lib/debug/.build-id/e4/de036b19e4768e7591b596c4be9f9015f2d28a.debug ..
--12163--   .. build-id is valid
--12163-- Reading syms from /usr/libexec/valgrind/memcheck-amd64-linux
--12163--    object doesn't have a symbol table
--12163--    object doesn't have a dynamic symbol table
--12163-- Scheduler: using generic scheduler lock implementation.
--12163-- Reading suppressions file: minilibx.supp
==12163== FATAL: can't open suppressions file "minilibx.supp"
